[debug] > Exec(early(addDefaultCommands), None, None)
[debug] > Exec(addDefaultCommands, None, None)
[debug] > Exec(early(initialize), None, None)
[debug] > Exec(initialize, None, None)
[debug] > Exec(boot, None, None)
[debug] > Exec(writeSbtVersion, None, None)
[debug] > Exec(reload, None, None)
[debug] > Exec(sbtStashOnFailure, None, None)
[debug] > Exec(onFailure loadFailed, None, None)
[debug] > Exec(loadp, None, None)
[info] welcome to sbt 1.5.3 (Oracle Corporation Java 1.8.0_281)
[debug]       Load.loadUnit: plugins took 93.4425ms
[debug]       Load.loadUnit: defsScala took 0.2592ms
[debug] [Loading] Scanning directory C:\Users\user1\.sbt\1.0\plugins
[debug] [Loading] Found non-root projects 
[debug] [Loading] Done in C:\Users\user1\.sbt\1.0\plugins, returning: ()
[debug] deducing auto plugins based on known facts Set(Atom(sbt.plugins.CorePlugin)) and clauses Clauses(Clause(Atom(sbt.plugins.JvmPlugin),Set(Atom(sbt.plugins.IvyPlugin)))
[debug] Clause(Atom(sbt.ScriptedPlugin),Set(Atom(sbt.plugins.JvmPlugin)))
[debug] Clause(Atom(sbt.plugins.SbtPlugin),Set(Atom(sbt.ScriptedPlugin)))
[debug] Clause(Atom(sbt.plugins.SemanticdbPlugin),Set(Atom(sbt.plugins.JvmPlugin)))
[debug] Clause(Atom(sbt.plugins.JUnitXmlReportPlugin),Set(Atom(sbt.plugins.JvmPlugin)))
[debug] Clause(Atom(sbt.plugins.MiniDependencyTreePlugin),Set(Atom(sbt.plugins.JvmPlugin)))
[debug] Clause(Atom(sbt.plugins.CorePlugin),Set(Atom(sbt.plugins.IvyPlugin)))
[debug] Clause(Atom(sbt.plugins.IvyPlugin),Set(Atom(sbt.plugins.JvmPlugin)))
[debug] Clause(Atom(sbt.plugins.JvmPlugin),Set(Atom(sbt.plugins.SemanticdbPlugin)))
[debug] Clause(Atom(sbt.plugins.JvmPlugin),Set(Atom(sbt.plugins.JUnitXmlReportPlugin)))
[debug] Clause(Atom(sbt.plugins.CorePlugin),Set(Atom(sbt.plugins.Giter8TemplatePlugin)))
[debug] Clause(Atom(sbt.plugins.JvmPlugin),Set(Atom(sbt.plugins.MiniDependencyTreePlugin))))
[debug]   :: deduced result: Matched(sbt.plugins.CorePlugin,sbt.plugins.Giter8TemplatePlugin,sbt.plugins.IvyPlugin,sbt.plugins.JvmPlugin,sbt.plugins.MiniDependencyTreePlugin,sbt.plugins.JUnitXmlReportPlugin,sbt.plugins.SemanticdbPlugin)
[debug] Plugins.deducer#function took 24.9519 ms
[debug]           Load.resolveProject(global-plugins) took 69.9097ms
[debug]         Load.loadTransitive: finalizeProject(Project(id global-plugins, base: C:\Users\user1\.sbt\1.0\plugins, plugins: List(<none>))) took 148.5262ms
[debug] [Loading] Done in C:\Users\user1\.sbt\1.0\plugins, returning: (global-plugins)
[debug]       Load.loadUnit: loadedProjectsRaw took 179.5795ms
[debug]       Load.loadUnit: cleanEvalClasses took 0.2963ms
[debug]     Load.loadUnit(file:/C:/Users/user1/.sbt/1.0/plugins/, ...) took 279.7109ms
[debug]   Load.apply: load took 490.2141ms
[debug]   Load.apply: resolveProjects took 7.5564ms
[debug]   Load.apply: finalTransforms took 57.6987ms
[debug]   Load.apply: config.delegates took 12.2227ms
[debug]   Load.apply: Def.make(settings)... took 530.4892ms
[debug]   Load.apply: structureIndex took 84.5436ms
[debug]   Load.apply: mkStreams took 2.168ms
[info] loading global plugins from C:\Users\user1\.sbt\1.0\plugins
[debug] Running task... Cancel: Signal, check cycles: false, forcegc: true
[debug] Load.defaultLoad until apply took 3846.5445ms
[debug]           Load.loadUnit: plugins took 28.2725ms
[debug]           Load.loadUnit: defsScala took 0.0044ms
[debug] [Loading] Scanning directory D:\users\user1\Documents\ProgramEngineer\NSO\Scala\Day2\funsets\project
[debug]             Load.loadUnit: mkEval took 9.4689ms
